<?xml version="1.0" encoding="UTF-8"?>
<!-- Generated by org.testng.reporters.JUnitXMLReporter -->
<testsuite hostname="clearAvenue-HP" ignored="28" name="Default test" tests="27" failures="0" timestamp="10 Dec 2019 06:10:16 GMT" time="1.634" errors="0">
  <testcase name="completeTravelerInfo" time="1.49" classname="obieeReportsTests.CompleteTravelerInfo"/>
  <testcase name="debtManagementSummary" time="0.001" classname="obieeReportsTests.DebtManagementSummary">
    <skipped/>
  </testcase> <!-- debtManagementSummary -->
  <testcase name="statusSummary" time="0.002" classname="obieeReportsTests.StatusSummary">
    <skipped/>
  </testcase> <!-- statusSummary -->
  <testcase name="reportOCONUS" time="0.0" classname="obieeReportsTests.ReportOCONUS">
    <skipped/>
  </testcase> <!-- reportOCONUS -->
  <testcase name="constructedTravel" time="0.001" classname="obieeReportsTests.ConstructedTravel">
    <skipped/>
  </testcase> <!-- constructedTravel -->
  <testcase name="specialDuty" time="0.001" classname="obieeReportsTests.SpecialDuty">
    <skipped/>
  </testcase> <!-- specialDuty -->
  <testcase name="expenseReportByDocumentName" time="0.001" classname="obieeReportsTests.ExpenseReportByDocumentName">
    <skipped/>
  </testcase> <!-- expenseReportByDocumentName -->
  <testcase name="routingStatus" time="0.001" classname="obieeReportsTests.RoutingStatus">
    <skipped/>
  </testcase> <!-- routingStatus -->
  <testcase name="auditTrailGOVCCandEFT" time="0.001" classname="obieeReportsTests.AuditTrailGOVCCandEFT">
    <skipped/>
  </testcase> <!-- auditTrailGOVCCandEFT -->
  <testcase name="reportPERSTEMPO" time="0.002" classname="obieeReportsTests.ReportPERSTEMPO">
    <skipped/>
  </testcase> <!-- reportPERSTEMPO -->
  <testcase name="travelerStatus" time="0.001" classname="obieeReportsTests.TravelerStatus">
    <skipped/>
  </testcase> <!-- travelerStatus -->
  <testcase name="separationOfDuty" time="0.001" classname="obieeReportsTests.SeparationOfDuty">
    <skipped/>
  </testcase> <!-- separationOfDuty -->
  <testcase name="tripDetails" time="0.001" classname="obieeReportsTests.TripDetails">
    <skipped/>
  </testcase> <!-- tripDetails -->
  <testcase name="expenseWithoutRequiredReceipt" time="0.001" classname="obieeReportsTests.ExpenseWithoutRequiredReceipt">
    <skipped/>
  </testcase> <!-- expenseWithoutRequiredReceipt -->
  <testcase name="auditTrailPersonData" time="0.0" classname="obieeReportsTests.AuditTrailPersonData">
    <skipped/>
  </testcase> <!-- auditTrailPersonData -->
  <testcase name="unsubmittedVoucher" time="0.001" classname="obieeReportsTests.UnsubmittedVoucher">
    <skipped/>
  </testcase> <!-- unsubmittedVoucher -->
  <testcase name="debtManagementHistory" time="0.0" classname="obieeReportsTests.DebtManagementHistory">
    <skipped/>
  </testcase> <!-- debtManagementHistory -->
  <testcase name="auditTrailUserData" time="0.001" classname="obieeReportsTests.AuditTrailUserData">
    <skipped/>
  </testcase> <!-- auditTrailUserData -->
  <testcase name="enlistedBAS" time="0.002" classname="obieeReportsTests.EnlistedBAS">
    <skipped/>
  </testcase> <!-- enlistedBAS -->
  <testcase name="militaryLeave" time="0.001" classname="obieeReportsTests.MilitaryLeave">
    <skipped/>
  </testcase> <!-- militaryLeave -->
  <testcase name="expenseReportByCategory" time="0.002" classname="obieeReportsTests.ExpenseReportByCategory">
    <skipped/>
  </testcase> <!-- expenseReportByCategory -->
  <testcase name="debtSummaryByMonth" time="0.001" classname="obieeReportsTests.DebtSummaryByMonth">
    <skipped/>
  </testcase> <!-- debtSummaryByMonth -->
  <testcase name="reportAdjustments" time="0.001" classname="obieeReportsTests.ReportAdjustments">
    <skipped/>
  </testcase> <!-- reportAdjustments -->
  <testcase name="documentStatusDetails" time="0.001" classname="obieeReportsTests.DocumentStatusDetails">
    <skipped/>
  </testcase> <!-- documentStatusDetails -->
  <testcase name="posAckDelinquency" time="0.001" classname="obieeReportsTests.PosAckDelinquency">
    <skipped/>
  </testcase> <!-- posAckDelinquency -->
  <testcase name="pendingAirlineCancellation" time="0.001" classname="obieeReportsTests.PendingAirlineCancellation">
    <skipped/>
  </testcase> <!-- pendingAirlineCancellation -->
  <testcase name="reportFSA" time="0.001" classname="obieeReportsTests.ReportFSA">
    <skipped/>
  </testcase> <!-- reportFSA -->
  <testcase name="@BeforeSuite setUp" time="0.0" classname="obieeReportsBase.TestBaseReports">
    <ignored/>
  </testcase> <!-- @BeforeSuite setUp -->
  <testcase name="@BeforeSuite setUp" time="0.0" classname="obieeReportsBase.TestBaseReports">
    <ignored/>
  </testcase> <!-- @BeforeSuite setUp -->
  <testcase name="@BeforeSuite setUp" time="0.0" classname="obieeReportsBase.TestBaseReports">
    <ignored/>
  </testcase> <!-- @BeforeSuite setUp -->
  <testcase name="@BeforeSuite setUp" time="0.0" classname="obieeReportsBase.TestBaseReports">
    <ignored/>
  </testcase> <!-- @BeforeSuite setUp -->
  <testcase name="@BeforeSuite setUp" time="0.0" classname="obieeReportsBase.TestBaseReports">
    <ignored/>
  </testcase> <!-- @BeforeSuite setUp -->
  <testcase name="@BeforeSuite setUp" time="0.0" classname="obieeReportsBase.TestBaseReports">
    <ignored/>
  </testcase> <!-- @BeforeSuite setUp -->
  <testcase name="@BeforeSuite setUp" time="0.0" classname="obieeReportsBase.TestBaseReports">
    <ignored/>
  </testcase> <!-- @BeforeSuite setUp -->
  <testcase name="@BeforeSuite setUp" time="0.0" classname="obieeReportsBase.TestBaseReports">
    <ignored/>
  </testcase> <!-- @BeforeSuite setUp -->
  <testcase name="@BeforeSuite setUp" time="0.0" classname="obieeReportsBase.TestBaseReports">
    <ignored/>
  </testcase> <!-- @BeforeSuite setUp -->
  <testcase name="@BeforeSuite setUp" time="0.0" classname="obieeReportsBase.TestBaseReports">
    <ignored/>
  </testcase> <!-- @BeforeSuite setUp -->
  <testcase name="@BeforeSuite setUp" time="0.0" classname="obieeReportsBase.TestBaseReports">
    <ignored/>
  </testcase> <!-- @BeforeSuite setUp -->
  <testcase name="@BeforeSuite setUp" time="0.0" classname="obieeReportsBase.TestBaseReports">
    <ignored/>
  </testcase> <!-- @BeforeSuite setUp -->
  <testcase name="@BeforeSuite setUp" time="0.0" classname="obieeReportsBase.TestBaseReports">
    <ignored/>
  </testcase> <!-- @BeforeSuite setUp -->
  <testcase name="@BeforeSuite setUp" time="0.0" classname="obieeReportsBase.TestBaseReports">
    <ignored/>
  </testcase> <!-- @BeforeSuite setUp -->
  <testcase name="@BeforeSuite setUp" time="0.0" classname="obieeReportsBase.TestBaseReports">
    <ignored/>
  </testcase> <!-- @BeforeSuite setUp -->
  <testcase name="@BeforeSuite setUp" time="0.0" classname="obieeReportsBase.TestBaseReports">
    <ignored/>
  </testcase> <!-- @BeforeSuite setUp -->
  <testcase name="@BeforeSuite setUp" time="0.0" classname="obieeReportsBase.TestBaseReports">
    <ignored/>
  </testcase> <!-- @BeforeSuite setUp -->
  <testcase name="@BeforeSuite setUp" time="0.0" classname="obieeReportsBase.TestBaseReports">
    <ignored/>
  </testcase> <!-- @BeforeSuite setUp -->
  <testcase name="@BeforeSuite setUp" time="0.0" classname="obieeReportsBase.TestBaseReports">
    <ignored/>
  </testcase> <!-- @BeforeSuite setUp -->
  <testcase name="@BeforeSuite setUp" time="0.0" classname="obieeReportsBase.TestBaseReports">
    <ignored/>
  </testcase> <!-- @BeforeSuite setUp -->
  <testcase name="@BeforeSuite setUp" time="0.0" classname="obieeReportsBase.TestBaseReports">
    <ignored/>
  </testcase> <!-- @BeforeSuite setUp -->
  <testcase name="@BeforeSuite setUp" time="0.0" classname="obieeReportsBase.TestBaseReports">
    <ignored/>
  </testcase> <!-- @BeforeSuite setUp -->
  <testcase name="@BeforeSuite setUp" time="0.0" classname="obieeReportsBase.TestBaseReports">
    <ignored/>
  </testcase> <!-- @BeforeSuite setUp -->
  <testcase name="@BeforeSuite setUp" time="0.0" classname="obieeReportsBase.TestBaseReports">
    <ignored/>
  </testcase> <!-- @BeforeSuite setUp -->
  <testcase name="@BeforeSuite setUp" time="0.0" classname="obieeReportsBase.TestBaseReports">
    <ignored/>
  </testcase> <!-- @BeforeSuite setUp -->
  <testcase name="@BeforeSuite setUp" time="0.0" classname="obieeReportsBase.TestBaseReports">
    <ignored/>
  </testcase> <!-- @BeforeSuite setUp -->
  <testcase name="@BeforeSuite setUp" time="0.0" classname="obieeReportsBase.TestBaseReports">
    <ignored/>
  </testcase> <!-- @BeforeSuite setUp -->
  <testcase name="@BeforeSuite setUp" time="0.0" classname="obieeReportsBase.TestBaseReports">
    <ignored/>
  </testcase> <!-- @BeforeSuite setUp -->
</testsuite> <!-- Default test -->
